nFCKey/manifest-merger-release-report.txt
-- Merging decision tree log ---
manifest
ADDED from AndroidManifest.xml:2:1
	package
		ADDED from AndroidManifest.xml:3:5
		INJECTED from AndroidManifest.xml:0:0
		INJECTED from AndroidManifest.xml:0:0
	android:versionName
		ADDED from AndroidManifest.xml:5:5
	xmlns:tools
		ADDED from AndroidManifest.xml:5:32
	android:versionCode
		ADDED from AndroidManifest.xml:4:5
		INJECTED from AndroidManifest.xml:0:0
		INJECTED from AndroidManifest.xml:0:0
	xmlns:android
		ADDED from AndroidManifest.xml:2:11
uses-sdk
ADDED from AndroidManifest.xml:6:5
MERGED from NFC-Key:aFileChooser:unspecified:20:5
MERGED from com.android.support:support-v4:21.0.3:15:5
	android:targetSdkVersion
		ADDED from AndroidManifest.xml:8:9
		INJECTED from AndroidManifest.xml:0:0
		INJECTED from AndroidManifest.xml:0:0
	android:minSdkVersion
		ADDED from AndroidManifest.xml:7:9
		INJECTED from AndroidManifest.xml:0:0
		INJECTED from AndroidManifest.xml:0:0
uses-permission#android.permission.NFC
ADDED from AndroidManifest.xml:9:2
	android:name
		ADDED from AndroidManifest.xml:9:19
uses-permission#android.permission.VIBRATE
ADDED from AndroidManifest.xml:10:2
	android:name
		ADDED from AndroidManifest.xml:10:19
uses-feature#android.hardware.nfc
ADDED from AndroidManifest.xml:11:2
	android:required
		ADDED from AndroidManifest.xml:11:16
	android:name
		ADDED from AndroidManifest.xml:11:40
application
ADDED from AndroidManifest.xml:13:5
MERGED from com.android.support:support-v4:21.0.3:16:5
	android:label
		ADDED from AndroidManifest.xml:15:9
	android:allowBackup
		ADDED from AndroidManifest.xml:16:51
	android:icon
		ADDED from AndroidManifest.xml:14:9
	android:theme
		ADDED from AndroidManifest.xml:16:9
activity#pl.net.szafraniec.NFCKey.MainActivity
ADDED from AndroidManifest.xml:17:9
	android:screenOrientation
		ADDED from AndroidManifest.xml:17:47
	android:name
		ADDED from AndroidManifest.xml:17:19
intent-filter#android.intent.action.MAIN+android.intent.category.LAUNCHER
ADDED from AndroidManifest.xml:18:13
action#android.intent.action.MAIN
ADDED from AndroidManifest.xml:19:17
	android:name
		ADDED from AndroidManifest.xml:19:25
category#android.intent.category.LAUNCHER
ADDED from AndroidManifest.xml:20:17
	android:name
		ADDED from AndroidManifest.xml:20:27
activity#pl.net.szafraniec.NFCKey.WriteActivity
ADDED from AndroidManifest.xml:23:9
	android:screenOrientation
		ADDED from AndroidManifest.xml:25:13
	android:name
		ADDED from AndroidManifest.xml:24:13
intent-filter#android.intent.action.SEND+android.intent.category.DEFAULT
ADDED from AndroidManifest.xml:26:13
action#android.intent.action.SEND
ADDED from AndroidManifest.xml:27:18
	android:name
		ADDED from AndroidManifest.xml:27:26
category#android.intent.category.DEFAULT
ADDED from AndroidManifest.xml:28:9
	android:name
		ADDED from AndroidManifest.xml:28:19
data
ADDED from AndroidManifest.xml:29:9
	android:mimeType
		ADDED from AndroidManifest.xml:29:15
intent-filter#android.intent.action.VIEW+android.intent.category.BROWSABLE+android.intent.category.DEFAULT
ADDED from AndroidManifest.xml:31:13
action#android.intent.action.VIEW
ADDED from AndroidManifest.xml:32:8
	android:name
		ADDED from AndroidManifest.xml:32:16
category#android.intent.category.BROWSABLE
ADDED from AndroidManifest.xml:34:8
	android:name
		ADDED from AndroidManifest.xml:34:18
activity#pl.net.szafraniec.NFCKey.WriteNFCActivity
ADDED from AndroidManifest.xml:60:9
	android:screenOrientation
		ADDED from AndroidManifest.xml:62:71
	android:theme
		ADDED from AndroidManifest.xml:62:17
	android:name
		ADDED from AndroidManifest.xml:61:17
activity#com.ipaulpro.afilechooser.FileChooserActivity
ADDED from AndroidManifest.xml:64:9
	android:label
		ADDED from AndroidManifest.xml:67:7
	tools:ignore
		ADDED from AndroidManifest.xml:67:43
	android:icon
		ADDED from AndroidManifest.xml:66:7
	android:name
		ADDED from AndroidManifest.xml:65:7
intent-filter#android.intent.action.GET_CONTENT+android.intent.category.DEFAULT+android.intent.category.OPENABLE
ADDED from AndroidManifest.xml:68:10
action#android.intent.action.GET_CONTENT
ADDED from AndroidManifest.xml:69:14
	android:name
		ADDED from AndroidManifest.xml:69:22
category#android.intent.category.OPENABLE
ADDED from AndroidManifest.xml:72:14
	android:name
		ADDED from AndroidManifest.xml:72:24
activity#pl.net.szafraniec.NFCKey.ReadActivity
ADDED from AndroidManifest.xml:77:6
	android:screenOrientation
		ADDED from AndroidManifest.xml:79:10
	android:name
		ADDED from AndroidManifest.xml:78:10
intent-filter#android.intent.category.DEFAULT+android.nfc.action.NDEF_DISCOVERED
ADDED from AndroidManifest.xml:80:7
action#android.nfc.action.NDEF_DISCOVERED
ADDED from AndroidManifest.xml:83:5
	android:name
		ADDED from AndroidManifest.xml:83:13
activity#pl.net.szafraniec.NFCKey.ReadTagActivity
ADDED from AndroidManifest.xml:86:6
	android:screenOrientation
		ADDED from AndroidManifest.xml:86:47
	android:name
		ADDED from AndroidManifest.xml:86:16
activity#pl.net.szafraniec.NFCKey.CloneReadActivity
ADDED from AndroidManifest.xml:88:6
	android:screenOrientation
		ADDED from AndroidManifest.xml:88:49
	android:name
		ADDED from AndroidManifest.xml:88:16
activity#pl.net.szafraniec.NFCKey.CloneWriteNFCActivity
ADDED from AndroidManifest.xml:90:6
	android:screenOrientation
		ADDED from AndroidManifest.xml:90:53
	android:name
		ADDED from AndroidManifest.xml:90:16
activity#pl.net.szafraniec.NFCKey.ChooseActivity
ADDED from AndroidManifest.xml:92:6
	android:screenOrientation
		ADDED from AndroidManifest.xml:92:46
	android:name
		ADDED from AndroidManifest.xml:92:16